<?xml version="1.0" encoding="UTF-8"?>
<!-- Generated by org.testng.reporters.JUnitXMLReporter -->
<testsuite hostname="U6016926-TPL-A" ignored="0" name="Test1" tests="1" failures="0" timestamp="20 Aug 2018 14:50:07 GMT" time="14.22" errors="0">
  <testcase name="@AfterMethod getResult" time="0.512" classname="testcase.MasterFile.Base">
    <failure type="java.lang.NullPointerException">
      <![CDATA[java.lang.NullPointerException
at testcase.MasterFile.Base.getResult(Base.java:74)
... Removed 28 stack frames]]>
    </failure>
  </testcase> <!-- @AfterMethod getResult -->
  <testcase name="login" time="13.43" classname="testcase.testscript.TC_001"/>
</testsuite> <!-- Test1 -->
