<?xml version="1.0" encoding="UTF-8"?>
<!-- Generated by org.testng.reporters.JUnitXMLReporter -->
<testsuite hostname="U6016926-TPL-A" ignored="0" name="Regression suite 1" tests="3" failures="0" timestamp="20 Aug 2018 15:19:15 GMT" time="0.035" errors="0">
  <testcase name="addLocationTestCase" time="0.008" classname="testcase.testscript.Test1"/>
  <testcase name="editLocationTestCase" time="0.001" classname="testcase.testscript.Test2"/>
  <testcase name="addUserWithValidData" time="0.001" classname="testcase.testscript.Test3"/>
</testsuite> <!-- Regression suite 1 -->
