<?xml version="1.0" encoding="UTF-8"?>
<!-- Generated by org.testng.reporters.JUnitXMLReporter -->
<testsuite hostname="U6016926-TPL-A" ignored="0" name="Test" tests="3" failures="0" timestamp="23 Aug 2018 17:54:45 GMT" time="33.133" errors="0">
  <testcase name="verifyHomepageTitle" time="11.321" classname="testcode.T1"/>
  <testcase name="verifyHomepageTitle" time="0.013" classname="testcode.TestNG_1"/>
  <testcase name="verifyHomepageTitle" time="0.012" classname="testcode.TestNG_2"/>
</testsuite> <!-- Test -->
