<?xml version="1.0" encoding="UTF-8"?>
<testng-results skipped="0" failed="0" ignored="0" total="3" passed="3">
  <reporter-output>
  </reporter-output>
  <suite name="example suite 1" duration-ms="35" started-at="2018-08-20T15:19:15Z" finished-at="2018-08-20T15:19:15Z">
    <groups>
    </groups>
    <test name="Regression suite 1" duration-ms="35" started-at="2018-08-20T15:19:15Z" finished-at="2018-08-20T15:19:15Z">
      <class name="testcase.testscript.Test1">
        <test-method status="PASS" signature="addLocationTestCase()[pri:0, instance:testcase.testscript.Test1@4abdb505]" name="addLocationTestCase" duration-ms="8" started-at="2018-08-20T15:19:15Z" finished-at="2018-08-20T15:19:15Z">
          <reporter-output>
          </reporter-output>
        </test-method> <!-- addLocationTestCase -->
      </class> <!-- testcase.testscript.Test1 -->
      <class name="testcase.testscript.Test2">
        <test-method status="PASS" signature="editLocationTestCase()[pri:0, instance:testcase.testscript.Test2@7ce6a65d]" name="editLocationTestCase" duration-ms="1" started-at="2018-08-20T15:19:15Z" finished-at="2018-08-20T15:19:15Z">
          <reporter-output>
          </reporter-output>
        </test-method> <!-- editLocationTestCase -->
      </class> <!-- testcase.testscript.Test2 -->
      <class name="testcase.testscript.Test3">
        <test-method status="PASS" signature="addUserWithValidData()[pri:0, instance:testcase.testscript.Test3@1500955a]" name="addUserWithValidData" duration-ms="1" started-at="2018-08-20T15:19:15Z" finished-at="2018-08-20T15:19:15Z">
          <reporter-output>
          </reporter-output>
        </test-method> <!-- addUserWithValidData -->
      </class> <!-- testcase.testscript.Test3 -->
    </test> <!-- Regression suite 1 -->
  </suite> <!-- example suite 1 -->
</testng-results>
