<?xml version="1.0" encoding="UTF-8"?>
<!-- Generated by org.testng.reporters.JUnitXMLReporter -->
<testsuite hostname="U6016926-TPL-A" ignored="0" name="flipkart" tests="1" failures="0" timestamp="20 Aug 2018 15:06:46 GMT" time="13.731" errors="0">
  <testcase name="@AfterMethod getResult" time="0.531" classname="testcase.MasterFile.Base">
    <failure type="java.lang.NullPointerException">
      <![CDATA[java.lang.NullPointerException
at testcase.MasterFile.Base.getResult(Base.java:74)
at java.util.concurrent.FutureTask.run(FutureTask.java:266)
at java.util.concurrent.ThreadPoolExecutor.runWorker(ThreadPoolExecutor.java:1149)
at java.util.concurrent.ThreadPoolExecutor$Worker.run(ThreadPoolExecutor.java:624)
at java.lang.Thread.run(Thread.java:748)
... Removed 19 stack frames]]>
    </failure>
  </testcase> <!-- @AfterMethod getResult -->
  <testcase name="login" time="12.955" classname="testcase.testscript.TC_001"/>
</testsuite> <!-- flipkart -->
